
> build
> vite build

vite v8.0.12 building client environment for production...
[plugin @laravel/vite-plugin-wayfinder] Types generated for actions, routes, form variants
[2Ktransforming...
/images/section.png referenced in /images/section.png didn't resolve at build time, it will remain unchanged to be resolved at runtime

/images/zGradient.png referenced in /images/zGradient.png didn't resolve at build time, it will remain unchanged to be resolved at runtime

/images/Untitled-video.gif referenced in /images/Untitled-video.gif didn't resolve at build time, it will remain unchanged to be resolved at runtime

/images/gradient-hero.png referenced in /images/gradient-hero.png didn't resolve at build time, it will remain unchanged to be resolved at runtime
✓ 2326 modules transformed.
✗ Build failed in 2.32s
error during build:
Build failed with 6 errors:

[plugin vite:vue] /home/ked/Documents/YIT-elearning/resources/js/Components/Public/FAQSection.vue:13:49
RolldownError: Attribute value was expected.
SyntaxError: Attribute value was expected.
    at createCompilerError (/home/ked/Documents/YIT-elearning/node_modules/@vue/compiler-core/dist/compiler-core.cjs.prod.js:1374:17)
    at emitError (/home/ked/Documents/YIT-elearning/node_modules/@vue/compiler-core/dist/compiler-core.cjs.prod.js:2980:5)
    at Object.onattribend (/home/ked/Documents/YIT-elearning/node_modules/@vue/compiler-core/dist/compiler-core.cjs.prod.js:2507:13)
    at Tokenizer.stateInAttrValueNoQuotes (/home/ked/Documents/YIT-elearning/node_modules/@vue/compiler-core/dist/compiler-core.cjs.prod.js:978:16)
    at Tokenizer.stateBeforeAttrValue (/home/ked/Documents/YIT-elearning/node_modules/@vue/compiler-core/dist/compiler-core.cjs.prod.js:952:12)
    at Tokenizer.parse (/home/ked/Documents/YIT-elearning/node_modules/@vue/compiler-core/dist/compiler-core.cjs.prod.js:1173:16)
    at Object.baseParse (/home/ked/Documents/YIT-elearning/node_modules/@vue/compiler-core/dist/compiler-core.cjs.prod.js:3012:13)
    at Object.parse (/home/ked/Documents/YIT-elearning/node_modules/@vue/compiler-dom/dist/compiler-dom.cjs.prod.js:665:23)
    at Object.parse$1 [as parse] (/home/ked/Documents/YIT-elearning/node_modules/@vue/compiler-sfc/dist/compiler-sfc.cjs.js:1824:24)
    at createDescriptor (file:///home/ked/Documents/YIT-elearning/node_modules/@vitejs/plugin-vue/dist/index.mjs:50:42)
[plugin vite:vue] /home/ked/Documents/YIT-elearning/resources/js/Components/Public/AboutSection.vue:17:25
RolldownError: Element is missing end tag.
SyntaxError: Element is missing end tag.
    at createCompilerError (/home/ked/Documents/YIT-elearning/node_modules/@vue/compiler-core/dist/compiler-core.cjs.prod.js:1374:17)
    at emitError (/home/ked/Documents/YIT-elearning/node_modules/@vue/compiler-core/dist/compiler-core.cjs.prod.js:2980:5)
    at Object.onclosetag (/home/ked/Documents/YIT-elearning/node_modules/@vue/compiler-core/dist/compiler-core.cjs.prod.js:2377:13)
    at Tokenizer.stateInClosingTagName (/home/ked/Documents/YIT-elearning/node_modules/@vue/compiler-core/dist/compiler-core.cjs.prod.js:799:16)
    at Tokenizer.parse (/home/ked/Documents/YIT-elearning/node_modules/@vue/compiler-core/dist/compiler-core.cjs.prod.js:1157:16)
    at Object.baseParse (/home/ked/Documents/YIT-elearning/node_modules/@vue/compiler-core/dist/compiler-core.cjs.prod.js:3012:13)
    at Object.parse (/home/ked/Documents/YIT-elearning/node_modules/@vue/compiler-dom/dist/compiler-dom.cjs.prod.js:665:23)
    at Object.parse$1 [as parse] (/home/ked/Documents/YIT-elearning/node_modules/@vue/compiler-sfc/dist/compiler-sfc.cjs.js:1824:24)
    at createDescriptor (file:///home/ked/Documents/YIT-elearning/node_modules/@vitejs/plugin-vue/dist/index.mjs:50:42)
    at transformMain (file:///home/ked/Documents/YIT-elearning/node_modules/@vitejs/plugin-vue/dist/index.mjs:1303:33)
[plugin vite:vue] /home/ked/Documents/YIT-elearning/resources/js/Components/Public/CoursesSection.vue:46:13
RolldownError: Invalid end tag.
SyntaxError: Invalid end tag.
    at createCompilerError (/home/ked/Documents/YIT-elearning/node_modules/@vue/compiler-core/dist/compiler-core.cjs.prod.js:1374:17)
    at emitError (/home/ked/Documents/YIT-elearning/node_modules/@vue/compiler-core/dist/compiler-core.cjs.prod.js:2980:5)
    at Object.onclosetag (/home/ked/Documents/YIT-elearning/node_modules/@vue/compiler-core/dist/compiler-core.cjs.prod.js:2387:9)
    at Tokenizer.stateInClosingTagName (/home/ked/Documents/YIT-elearning/node_modules/@vue/compiler-core/dist/compiler-core.cjs.prod.js:799:16)
    at Tokenizer.parse (/home/ked/Documents/YIT-elearning/node_modules/@vue/compiler-core/dist/compiler-core.cjs.prod.js:1157:16)
    at Object.baseParse (/home/ked/Documents/YIT-elearning/node_modules/@vue/compiler-core/dist/compiler-core.cjs.prod.js:3012:13)
    at Object.parse (/home/ked/Documents/YIT-elearning/node_modules/@vue/compiler-dom/dist/compiler-dom.cjs.prod.js:665:23)
    at Object.parse$1 [as parse] (/home/ked/Documents/YIT-elearning/node_modules/@vue/compiler-sfc/dist/compiler-sfc.cjs.js:1824:24)
    at createDescriptor (file:///home/ked/Documents/YIT-elearning/node_modules/@vitejs/plugin-vue/dist/index.mjs:50:42)
    at transformMain (file:///home/ked/Documents/YIT-elearning/node_modules/@vitejs/plugin-vue/dist/index.mjs:1303:33)
[plugin vite:vue] /home/ked/Documents/YIT-elearning/resources/js/Components/Public/TestimonialsSection.vue:33:45
RolldownError: Element is missing end tag.
SyntaxError: Element is missing end tag.
    at createCompilerError (/home/ked/Documents/YIT-elearning/node_modules/@vue/compiler-core/dist/compiler-core.cjs.prod.js:1374:17)
    at emitError (/home/ked/Documents/YIT-elearning/node_modules/@vue/compiler-core/dist/compiler-core.cjs.prod.js:2980:5)
    at Object.onclosetag (/home/ked/Documents/YIT-elearning/node_modules/@vue/compiler-core/dist/compiler-core.cjs.prod.js:2377:13)
    at Tokenizer.stateInClosingTagName (/home/ked/Documents/YIT-elearning/node_modules/@vue/compiler-core/dist/compiler-core.cjs.prod.js:799:16)
    at Tokenizer.parse (/home/ked/Documents/YIT-elearning/node_modules/@vue/compiler-core/dist/compiler-core.cjs.prod.js:1157:16)
    at Object.baseParse (/home/ked/Documents/YIT-elearning/node_modules/@vue/compiler-core/dist/compiler-core.cjs.prod.js:3012:13)
    at Object.parse (/home/ked/Documents/YIT-elearning/node_modules/@vue/compiler-dom/dist/compiler-dom.cjs.prod.js:665:23)
    at Object.parse$1 [as parse] (/home/ked/Documents/YIT-elearning/node_modules/@vue/compiler-sfc/dist/compiler-sfc.cjs.js:1824:24)
    at createDescriptor (file:///home/ked/Documents/YIT-elearning/node_modules/@vitejs/plugin-vue/dist/index.mjs:50:42)
    at transformMain (file:///home/ked/Documents/YIT-elearning/node_modules/@vitejs/plugin-vue/dist/index.mjs:1303:33)
[plugin vite:vue] /home/ked/Documents/YIT-elearning/resources/js/Components/Public/PlatformFeaturesSection.vue:39:37
RolldownError: Element is missing end tag.
SyntaxError: Element is missing end tag.
    at createCompilerError (/home/ked/Documents/YIT-elearning/node_modules/@vue/compiler-core/dist/compiler-core.cjs.prod.js:1374:17)
    at emitError (/home/ked/Documents/YIT-elearning/node_modules/@vue/compiler-core/dist/compiler-core.cjs.prod.js:2980:5)
    at Object.onclosetag (/home/ked/Documents/YIT-elearning/node_modules/@vue/compiler-core/dist/compiler-core.cjs.prod.js:2377:13)
    at Tokenizer.stateInClosingTagName (/home/ked/Documents/YIT-elearning/node_modules/@vue/compiler-core/dist/compiler-core.cjs.prod.js:799:16)
    at Tokenizer.parse (/home/ked/Documents/YIT-elearning/node_modules/@vue/compiler-core/dist/compiler-core.cjs.prod.js:1157:16)
    at Object.baseParse (/home/ked/Documents/YIT-elearning/node_modules/@vue/compiler-core/dist/compiler-core.cjs.prod.js:3012:13)
    at Object.parse (/home/ked/Documents/YIT-elearning/node_modules/@vue/compiler-dom/dist/compiler-dom.cjs.prod.js:665:23)
    at Object.parse$1 [as parse] (/home/ked/Documents/YIT-elearning/node_modules/@vue/compiler-sfc/dist/compiler-sfc.cjs.js:1824:24)
    at createDescriptor (file:///home/ked/Documents/YIT-elearning/node_modules/@vitejs/plugin-vue/dist/index.mjs:50:42)
    at transformMain (file:///home/ked/Documents/YIT-elearning/node_modules/@vitejs/plugin-vue/dist/index.mjs:1303:33)
...
    at aggregateBindingErrorsIntoJsError (file:///home/ked/Documents/YIT-elearning/node_modules/rolldown/dist/shared/error-BrnLyQ-g.mjs:48:18)
    at unwrapBindingResult (file:///home/ked/Documents/YIT-elearning/node_modules/rolldown/dist/shared/error-BrnLyQ-g.mjs:18:128)
    at #build (file:///home/ked/Documents/YIT-elearning/node_modules/rolldown/dist/shared/rolldown-build-D_ShytiL.mjs:3257:34)
    at async buildEnvironment (file:///home/ked/Documents/YIT-elearning/node_modules/vite/dist/node/chunks/node.js:33052:64)
    at async Object.build (file:///home/ked/Documents/YIT-elearning/node_modules/vite/dist/node/chunks/node.js:33474:19)
    at async Object.buildApp (file:///home/ked/Documents/YIT-elearning/node_modules/vite/dist/node/chunks/node.js:33471:153)
    at async CAC.<anonymous> (file:///home/ked/Documents/YIT-elearning/node_modules/vite/dist/node/cli.js:778:3) {
  errors: [Getter/Setter]
}
